<?xml version="1.0" encoding="UTF-8"?>
<!-- Generated by org.testng.reporters.JUnitReportReporter -->
<testsuite hostname="IPS-215" failures="0" tests="3" name="Testcase.Verified_Forgotpassword_Testcase" time="81.545" errors="0" timestamp="2024-08-14T12:10:03 IST" skipped="0">
  <testcase classname="Testcase.Verified_Forgotpassword_Testcase" name="Verified_Forgot_Testcase" time="28.186"/>
  <system-out/>
  <testcase classname="Testcase.Verified_Forgotpassword_Testcase" name="Verified_Forgot_Testcase" time="27.492"/>
  <system-out/>
  <testcase classname="Testcase.Verified_Forgotpassword_Testcase" name="Verified_Forgot_Testcase" time="25.867"/>
  <system-out/>
</testsuite> <!-- Testcase.Verified_Forgotpassword_Testcase -->
