<?xml version="1.0" encoding="UTF-8"?>
<!-- Generated by org.testng.reporters.JUnitReportReporter -->
<testsuite hostname="IPS-215" failures="0" tests="1" name="Testcase.Verified_Sign_In_Backend" time="19.460" errors="0" timestamp="2024-08-21T14:55:09 IST" skipped="0">
  <testcase classname="Testcase.Verified_Sign_In_Backend" name="Backend_Login" time="19.460"/>
  <system-out/>
</testsuite> <!-- Testcase.Verified_Sign_In_Backend -->
