<?xml version="1.0" encoding="UTF-8"?>
<!-- Generated by org.testng.reporters.JUnitReportReporter -->
<testsuite hostname="IPS-215" failures="0" tests="3" name="Testcase.Verified_SignIn_Testcase" time="185.699" errors="0" timestamp="2024-08-14T12:10:03 IST" skipped="0">
  <testcase classname="Testcase.Verified_SignIn_Testcase" name="Verified_Sign_In_Page" time="61.561"/>
  <system-out/>
  <testcase classname="Testcase.Verified_SignIn_Testcase" name="Verified_Sign_In_Page" time="59.923"/>
  <system-out/>
  <testcase classname="Testcase.Verified_SignIn_Testcase" name="Verified_Sign_In_Page" time="64.215"/>
  <system-out/>
</testsuite> <!-- Testcase.Verified_SignIn_Testcase -->
