<?xml version="1.0" encoding="UTF-8"?>
<!-- Generated by org.testng.reporters.JUnitReportReporter -->
<testsuite hostname="IPS-215" failures="0" tests="1" name="Testcase.Verified_Loginpage_Testcase" time="8.261" errors="0" timestamp="2024-08-09T14:50:13 IST" skipped="0">
  <testcase classname="Testcase.Verified_Loginpage_Testcase" name="Verified_Homepagedetails" time="8.261"/>
  <system-out/>
</testsuite> <!-- Testcase.Verified_Loginpage_Testcase -->
