<?xml version="1.0" encoding="UTF-8"?>
<!-- Generated by org.testng.reporters.JUnitReportReporter -->
<testsuite hostname="IPS-215" failures="0" tests="3" name="Testcase.Verified_Sign_Up_Page" time="175.521" errors="0" timestamp="2024-08-14T12:10:03 IST" skipped="0">
  <testcase classname="Testcase.Verified_Sign_Up_Page" name="Verified_SignUp_Page" time="58.079"/>
  <system-out/>
  <testcase classname="Testcase.Verified_Sign_Up_Page" name="Verified_SignUp_Page" time="61.094"/>
  <system-out/>
  <testcase classname="Testcase.Verified_Sign_Up_Page" name="Verified_SignUp_Page" time="56.348"/>
  <system-out/>
</testsuite> <!-- Testcase.Verified_Sign_Up_Page -->
